<?xml version="1.0" encoding="UTF-8" ?>
<testsuite errors="0" failures="0" hostname="Gustavo-Lozanos-2.local" name="kelgal.empleos.domain.ReviewTests" tests="1" time="0.275" timestamp="2012-10-07T21:09:13">
  <properties />
  <testcase classname="kelgal.empleos.domain.ReviewTests" name="testConstraint" time="0.274" />
  <system-out><![CDATA[--Output from testConstraint--
]]></system-out>
  <system-err><![CDATA[--Output from testConstraint--
]]></system-err>
</testsuite>
