<?xml version="1.0" encoding="UTF-8" ?>
<testsuite errors="0" failures="0" hostname="Gustavo-Lozanos-2.local" name="kelgal.empleos.ComentariosControllerTests" tests="2" time="4.936" timestamp="2012-09-18T15:12:36">
  <properties />
  <testcase classname="kelgal.empleos.ComentariosControllerTests" name="testHandleComentario" time="2.835" />
  <testcase classname="kelgal.empleos.ComentariosControllerTests" name="testDeteleComentario" time="2.059" />
  <system-out><![CDATA[--Output from testHandleComentario--
--Output from testDeteleComentario--
]]></system-out>
  <system-err><![CDATA[--Output from testHandleComentario--
--Output from testDeteleComentario--
]]></system-err>
</testsuite>
