<?xml version="1.0" encoding="UTF-8" ?>
<testsuite errors="0" failures="0" hostname="Gustavo-Lozanos-2.local" name="kelgal.empleos.services.ComentarioServiceTests" tests="8" time="2.177" timestamp="2012-10-07T21:09:14">
  <properties />
  <testcase classname="kelgal.empleos.services.ComentarioServiceTests" name="testCrearComentario" time="0.535" />
  <testcase classname="kelgal.empleos.services.ComentarioServiceTests" name="testDarMisComentarios" time="0.247" />
  <testcase classname="kelgal.empleos.services.ComentarioServiceTests" name="testDarMisComentariosInvalido" time="0.2" />
  <testcase classname="kelgal.empleos.services.ComentarioServiceTests" name="testDarReview" time="0.124" />
  <testcase classname="kelgal.empleos.services.ComentarioServiceTests" name="testDarReviewInvalido" time="0.198" />
  <testcase classname="kelgal.empleos.services.ComentarioServiceTests" name="testEditarComentario" time="0.314" />
  <testcase classname="kelgal.empleos.services.ComentarioServiceTests" name="testDeleteComentario" time="0.15" />
  <testcase classname="kelgal.empleos.services.ComentarioServiceTests" name="testDeleteComentarioInvalido" time="0.194" />
  <system-out><![CDATA[--Output from testCrearComentario--
--Output from testDarMisComentarios--
--Output from testDarMisComentariosInvalido--
--Output from testDarReview--
--Output from testDarReviewInvalido--
--Output from testEditarComentario--
--Output from testDeleteComentario--
--Output from testDeleteComentarioInvalido--
]]></system-out>
  <system-err><![CDATA[--Output from testCrearComentario--
--Output from testDarMisComentarios--
--Output from testDarMisComentariosInvalido--
--Output from testDarReview--
--Output from testDarReviewInvalido--
--Output from testEditarComentario--
--Output from testDeleteComentario--
--Output from testDeleteComentarioInvalido--
]]></system-err>
</testsuite>
