<?xml version="1.0" encoding="UTF-8" ?>
<testsuite errors="0" failures="0" hostname="Gustavo-Lozanos-2.local" name="kelgal.empleos.controllers.AdminControllerTests" tests="3" time="2.615" timestamp="2012-10-06T21:39:29">
  <properties />
  <testcase classname="kelgal.empleos.controllers.AdminControllerTests" name="testLogin" time="2.398" />
  <testcase classname="kelgal.empleos.controllers.AdminControllerTests" name="testHandleLogin" time="0.086" />
  <testcase classname="kelgal.empleos.controllers.AdminControllerTests" name="testLogout" time="0.089" />
  <system-out><![CDATA[--Output from testLogin--
--Output from testHandleLogin--
--Output from testLogout--
]]></system-out>
  <system-err><![CDATA[--Output from testLogin--
--Output from testHandleLogin--
--Output from testLogout--
]]></system-err>
</testsuite>
