<?xml version="1.0" encoding="UTF-8" ?>
<testsuite errors="1" failures="1" hostname="Gustavo-Lozanos-2.local" name="kelgal.empleos.UsuarioControllerTests" tests="4" time="7.002" timestamp="2012-09-19T20:53:38">
  <properties />
  <testcase classname="kelgal.empleos.UsuarioControllerTests" name="testLogin" time="5.31" />
  <testcase classname="kelgal.empleos.UsuarioControllerTests" name="testHandleLogin" time="0.638">
    <failure message="Assertion failed: &#xa;&#xa;assert flash.message == null&#xa;       |     |       |&#xa;       |     |       false&#xa;       |     Constrasena incorrecta con el email gus@gus.com&#xa;       [message:Constrasena incorrecta con el email gus@gus.com]&#xa;" type="junit.framework.AssertionFailedError">junit.framework.AssertionFailedError: Assertion failed: 

assert flash.message == null
       |     |       |
       |     |       false
       |     Constrasena incorrecta con el email gus@gus.com
       [message:Constrasena incorrecta con el email gus@gus.com]

	at kelgal.empleos.UsuarioControllerTests.testHandleLogin(UsuarioControllerTests.groovy:74)
</failure>
  </testcase>
  <testcase classname="kelgal.empleos.UsuarioControllerTests" name="testRegister" time="0.253" />
  <testcase classname="kelgal.empleos.UsuarioControllerTests" name="testHandleRegistration" time="0.71">
    <error message="No signature of method: kelgal.empleos.UsuarioController.sendMail() is applicable for argument types: (kelgal.empleos.UsuarioController$_handleRegistration_closure1) values: [kelgal.empleos.UsuarioController$_handleRegistration_closure1@672dc104]&#xa;Possible solutions: findAll()" type="groovy.lang.MissingMethodException">groovy.lang.MissingMethodException: No signature of method: kelgal.empleos.UsuarioController.sendMail() is applicable for argument types: (kelgal.empleos.UsuarioController$_handleRegistration_closure1) values: [kelgal.empleos.UsuarioController$_handleRegistration_closure1@672dc104]
Possible solutions: findAll()
	at kelgal.empleos.UsuarioController.handleRegistration(UsuarioController.groovy:87)
	at kelgal.empleos.UsuarioControllerTests.testHandleRegistration(UsuarioControllerTests.groovy:112)
</error>
  </testcase>
  <system-out><![CDATA[--Output from testLogin--
--Output from testHandleLogin--
--Output from testRegister--
--Output from testHandleRegistration--
]]></system-out>
  <system-err><![CDATA[--Output from testLogin--
--Output from testHandleLogin--
--Output from testRegister--
--Output from testHandleRegistration--
]]></system-err>
</testsuite>
