<?xml version="1.0" encoding="UTF-8" ?>
<testsuite errors="0" failures="0" hostname="Gustavo-Lozanos-2.local" name="kelgal.empleos.controllers.PerfilControllerTests" tests="5" time="3.494" timestamp="2012-10-07T21:09:07">
  <properties />
  <testcase classname="kelgal.empleos.controllers.PerfilControllerTests" name="testIndex" time="1.305" />
  <testcase classname="kelgal.empleos.controllers.PerfilControllerTests" name="testProfile" time="0.361" />
  <testcase classname="kelgal.empleos.controllers.PerfilControllerTests" name="testProfileUsuario" time="0.318" />
  <testcase classname="kelgal.empleos.controllers.PerfilControllerTests" name="testUsers" time="0.547" />
  <testcase classname="kelgal.empleos.controllers.PerfilControllerTests" name="testBuscar" time="0.682" />
  <system-out><![CDATA[--Output from testIndex--
--Output from testProfile--
--Output from testProfileUsuario--
--Output from testUsers--
--Output from testBuscar--
]]></system-out>
  <system-err><![CDATA[--Output from testIndex--
--Output from testProfile--
--Output from testProfileUsuario--
--Output from testUsers--
--Output from testBuscar--
]]></system-err>
</testsuite>
