<?xml version="1.0" encoding="UTF-8" ?>
<testsuite errors="0" failures="0" hostname="Gustavo-Lozanos-2.local" name="kelgal.empleos.services.PerfilServiceTests" tests="10" time="1.86" timestamp="2012-10-07T21:09:16">
  <properties />
  <testcase classname="kelgal.empleos.services.PerfilServiceTests" name="testBuscar" time="0.392" />
  <testcase classname="kelgal.empleos.services.PerfilServiceTests" name="testDarCiudades" time="0.201" />
  <testcase classname="kelgal.empleos.services.PerfilServiceTests" name="testDarCategorias" time="0.163" />
  <testcase classname="kelgal.empleos.services.PerfilServiceTests" name="testDarPerfil" time="0.11" />
  <testcase classname="kelgal.empleos.services.PerfilServiceTests" name="testDarPerfilInvalido" time="0.167" />
  <testcase classname="kelgal.empleos.services.PerfilServiceTests" name="testDarPerfilUsuario" time="0.104" />
  <testcase classname="kelgal.empleos.services.PerfilServiceTests" name="testDarPerfilUsuarioInvalido" time="0.171" />
  <testcase classname="kelgal.empleos.services.PerfilServiceTests" name="testPerfilesCategoria" time="0.147" />
  <testcase classname="kelgal.empleos.services.PerfilServiceTests" name="testPerfilesCategoriaInvalido" time="0.168" />
  <testcase classname="kelgal.empleos.services.PerfilServiceTests" name="testBuscarInvalido" time="0.066" />
  <system-out><![CDATA[--Output from testBuscar--
--Output from testDarCiudades--
--Output from testDarCategorias--
--Output from testDarPerfil--
--Output from testDarPerfilInvalido--
--Output from testDarPerfilUsuario--
--Output from testDarPerfilUsuarioInvalido--
--Output from testPerfilesCategoria--
--Output from testPerfilesCategoriaInvalido--
--Output from testBuscarInvalido--
]]></system-out>
  <system-err><![CDATA[--Output from testBuscar--
--Output from testDarCiudades--
--Output from testDarCategorias--
--Output from testDarPerfil--
--Output from testDarPerfilInvalido--
--Output from testDarPerfilUsuario--
--Output from testDarPerfilUsuarioInvalido--
--Output from testPerfilesCategoria--
--Output from testPerfilesCategoriaInvalido--
--Output from testBuscarInvalido--
]]></system-err>
</testsuite>
