<?xml version="1.0" encoding="UTF-8" ?>
<testsuite errors="1" failures="0" hostname="Gustavo-Lozanos-2.local" name="kelgal.empleos.domain.CertificadoTests" tests="1" time="0.2" timestamp="2012-10-07T21:09:12">
  <properties />
  <testcase classname="kelgal.empleos.domain.CertificadoTests" name="initializationError" time="0.007">
    <error message="No runnable methods" type="java.lang.Exception">java.lang.Exception: No runnable methods
</error>
  </testcase>
  <system-out><![CDATA[--Output from initializationError--
]]></system-out>
  <system-err><![CDATA[--Output from initializationError--
]]></system-err>
</testsuite>
