<?xml version="1.0" encoding="UTF-8" ?>
<testsuite errors="0" failures="0" hostname="Gustavo-Lozanos-2.local" name="kelgal.empleos.EmpleoControllerTests" tests="4" time="5.418" timestamp="2012-09-14T16:40:50">
  <properties />
  <testcase classname="kelgal.empleos.EmpleoControllerTests" name="testUsers" time="4.826" />
  <testcase classname="kelgal.empleos.EmpleoControllerTests" name="testBuscar" time="0.206" />
  <testcase classname="kelgal.empleos.EmpleoControllerTests" name="testProfile" time="0.155" />
  <testcase classname="kelgal.empleos.EmpleoControllerTests" name="testIndex" time="0.19" />
  <system-out><![CDATA[--Output from testUsers--
--Output from testBuscar--
--Output from testProfile--
--Output from testIndex--
]]></system-out>
  <system-err><![CDATA[--Output from testUsers--
--Output from testBuscar--
--Output from testProfile--
--Output from testIndex--
]]></system-err>
</testsuite>
