<?xml version="1.0" encoding="UTF-8" ?>
<testsuite errors="0" failures="1" hostname="Gustavo-Lozanos-2.local" name="kelgal.empleos.controllers.KahuuTagsTagLibTests" tests="1" time="1.387" timestamp="2012-10-07T21:09:06">
  <properties />
  <testcase classname="kelgal.empleos.controllers.KahuuTagsTagLibTests" name="testSomething" time="0.879">
    <failure message="junit.framework.AssertionFailedError: Implement me" type="junit.framework.AssertionFailedError">junit.framework.AssertionFailedError: junit.framework.AssertionFailedError: Implement me
	at kelgal.empleos.controllers.KahuuTagsTagLibTests.testSomething(KahuuTagsTagLibTests.groovy:16)
</failure>
  </testcase>
  <system-out><![CDATA[--Output from testSomething--
]]></system-out>
  <system-err><![CDATA[--Output from testSomething--
]]></system-err>
</testsuite>
