<?xml version="1.0" encoding="UTF-8" ?>
<testsuite errors="0" failures="0" hostname="Gustavo-Lozanos-2.local" name="kelgal.empleos.domain.CiudadTests" tests="1" time="0.711" timestamp="2012-10-07T21:09:12">
  <properties />
  <testcase classname="kelgal.empleos.domain.CiudadTests" name="testConstraint" time="0.71" />
  <system-out><![CDATA[--Output from testConstraint--
]]></system-out>
  <system-err><![CDATA[--Output from testConstraint--
]]></system-err>
</testsuite>
