<?xml version="1.0" encoding="UTF-8" ?>
<testsuite errors="0" failures="0" hostname="Gustavo-Lozanos-2.local" name="kelgal.empleos.controllers.AdminControllerTests" tests="3" time="4.575" timestamp="2012-10-07T21:08:52">
  <properties />
  <testcase classname="kelgal.empleos.controllers.AdminControllerTests" name="testHandleLogin" time="2.989" />
  <testcase classname="kelgal.empleos.controllers.AdminControllerTests" name="testLogout" time="0.204" />
  <testcase classname="kelgal.empleos.controllers.AdminControllerTests" name="testLogin" time="0.134" />
  <system-out><![CDATA[--Output from testHandleLogin--
--Output from testLogout--
--Output from testLogin--
]]></system-out>
  <system-err><![CDATA[--Output from testHandleLogin--
--Output from testLogout--
--Output from testLogin--
]]></system-err>
</testsuite>
